{"meta": {"format": 3, "version": "7.6.10", "timestamp": "2025-01-08T17:48:25.356665", "branch_coverage": false, "show_contexts": false}, "files": {"crep/__init__.py": {"executed_lines": [6, 8], "summary": {"covered_lines": 2, "num_statements": 2, "percent_covered": 100.0, "percent_covered_display": "100", "missing_lines": 0, "excluded_lines": 0}, "missing_lines": [], "excluded_lines": [], "functions": {"": {"executed_lines": [6, 8], "summary": {"covered_lines": 2, "num_statements": 2, "percent_covered": 100.0, "percent_covered_display": "100", "missing_lines": 0, "excluded_lines": 0}, "missing_lines": [], "excluded_lines": []}}, "classes": {"": {"executed_lines": [6, 8], "summary": {"covered_lines": 2, "num_statements": 2, "percent_covered": 100.0, "percent_covered_display": "100", "missing_lines": 0, "excluded_lines": 0}, "missing_lines": [], "excluded_lines": []}}}, "crep/base.py": {"executed_lines": [6, 7, 9, 10, 12, 13, 16, 50, 53, 54, 55, 56, 58, 59, 60, 64, 65, 66, 69, 73, 78, 79, 80, 81, 82, 83, 85, 86, 87, 88, 90, 91, 92, 93, 94, 97, 127, 128, 129, 130, 132, 133, 136, 137, 138, 139, 140, 141, 143, 144, 145, 149, 150, 153, 154, 156, 160, 161, 162, 163, 166, 167, 180, 183, 184, 186, 187, 188, 189, 192, 223, 224, 226, 227, 229, 230, 237, 238, 239, 244, 245, 246, 247, 249, 250, 256, 257, 259, 260, 261, 262, 263, 264, 265, 266, 268, 269, 270, 272, 273, 274, 277, 284, 289, 294, 299, 305, 310, 312, 314, 318, 323, 324, 325, 326, 327, 328, 333, 334, 335, 336, 337, 338, 339, 340, 341, 342, 343, 348, 349, 350, 351, 352, 353, 354, 359, 360, 361, 362, 363, 364, 365, 366, 367, 372, 373, 374, 375, 376, 377, 380, 382, 392, 393, 395, 397, 400, 416, 417, 418, 420, 421, 422, 424, 425, 427, 429, 430, 432, 434, 435, 437, 438, 440, 441, 442, 443, 448, 449, 451, 452, 453, 454, 455, 456, 458, 459, 461, 462, 464, 467, 471, 472, 474, 475, 476, 478, 481, 517, 518, 519, 521, 522, 524, 525, 527, 528, 529, 532, 533, 534, 535, 536, 537, 538, 540, 541, 542, 543, 546, 547, 548, 550, 554, 556, 557, 559, 561, 564, 604, 605, 607, 608, 609, 611, 612, 613, 614, 617, 619, 620, 621, 626, 627, 628, 629, 630, 632, 634, 639, 640, 643, 647, 649, 653, 656, 660, 661, 663, 664, 666, 667, 669, 671, 676, 681, 683, 686, 691, 696, 699, 700, 701, 703, 704, 705, 706, 709, 710, 712, 715, 717, 721, 723, 726, 731, 737, 738, 740, 741, 742, 743, 744, 747, 748, 749, 750, 753, 754, 755, 756, 757, 758, 759, 760, 761, 762, 763, 764, 767, 768, 769, 770, 771, 773, 774, 775, 778, 780, 781, 782, 783, 784, 785, 786, 787, 788, 789, 790, 792, 793, 795, 796, 797, 800, 804, 805, 806, 807, 808, 809, 810, 813, 814, 817, 820, 823, 825, 826, 827, 828, 829, 830, 833, 867, 868, 871, 872, 873, 875, 878, 879, 880, 881, 882, 885, 886, 887, 889, 890, 891, 892, 895, 898, 899, 900, 902, 904, 905, 906, 907, 908, 909, 910, 911, 912, 914, 915, 916, 917, 918, 920, 923, 924, 925, 926, 927, 928, 930, 939, 940, 941, 942, 944, 945, 947, 948, 949, 951, 954, 991, 994, 995, 997, 1003, 1010, 1012, 1013, 1015, 1016, 1017, 1019, 1022, 1058, 1060, 1067, 1069, 1070, 1072, 1073, 1075, 1076, 1077, 1078, 1082, 1086, 1087, 1088, 1090, 1091, 1092, 1094, 1096, 1097, 1099, 1101, 1104, 1150, 1152, 1153, 1155, 1156, 1158, 1159, 1160, 1162, 1166, 1167, 1170, 1171, 1172, 1173, 1174, 1176, 1179, 1180, 1181, 1183, 1184, 1185, 1186, 1189, 1190, 1194, 1195, 1196, 1197, 1199, 1200, 1209, 1210, 1219, 1222, 1273, 1274, 1276, 1277, 1279, 1280, 1281, 1282, 1284, 1285, 1287, 1296, 1297, 1306, 1309, 1317, 1318, 1319, 1321, 1322, 1323, 1325, 1327, 1328, 1329, 1330, 1332, 1333, 1334, 1335, 1336, 1337, 1338, 1341, 1392, 1399, 1404, 1406, 1407, 1408, 1409, 1410, 1411, 1412, 1415, 1418, 1420, 1421, 1422, 1427, 1428, 1429, 1430, 1432, 1433, 1435, 1437, 1440, 1467, 1468, 1471, 1474, 1477, 1484, 1495, 1496, 1499, 1510, 1519, 1521, 1523], "summary": {"covered_lines": 554, "num_statements": 569, "percent_covered": 97.36379613356766, "percent_covered_display": "97", "missing_lines": 15, "excluded_lines": 0}, "missing_lines": [168, 172, 178, 240, 732, 735, 824, 874, 896, 992, 1370, 1378, 1389, 1469, 1478], "excluded_lines": [], "functions": {"merge": {"executed_lines": [50, 53, 54, 55, 56, 58, 59, 60, 64, 65, 66, 69, 73, 78, 79, 80, 81, 82, 83, 85, 86, 87, 88, 90, 91, 92, 93, 94], "summary": {"covered_lines": 28, "num_statements": 28, "percent_covered": 100.0, "percent_covered_display": "100", "missing_lines": 0, "excluded_lines": 0}, "missing_lines": [], "excluded_lines": []}, "unbalanced_merge": {"executed_lines": [127, 128, 129, 130, 132, 133, 136, 137, 138, 139, 140, 141, 143, 144, 145, 149, 150, 153, 154, 156, 160, 161, 162, 163, 166, 167, 180, 183, 184, 186, 187, 188, 189], "summary": {"covered_lines": 33, "num_statements": 36, "percent_covered": 91.66666666666667, "percent_covered_display": "92", "missing_lines": 3, "excluded_lines": 0}, "missing_lines": [168, 172, 178], "excluded_lines": []}, "unbalanced_concat": {"executed_lines": [223, 224, 226, 227, 229, 230, 237, 238, 239, 244, 245, 246, 247, 249, 250, 256, 257, 259, 260, 261, 262, 263, 264, 265, 266, 268, 269, 270, 272, 273, 274, 277, 284, 289, 294, 299, 305, 310, 312, 314, 318, 323, 324, 325, 326, 327, 328, 333, 334, 335, 336, 337, 338, 339, 340, 341, 342, 343, 348, 349, 350, 351, 352, 353, 354, 359, 360, 361, 362, 363, 364, 365, 366, 367, 372, 373, 374, 375, 376, 377, 380, 382, 392, 393, 395, 397], "summary": {"covered_lines": 86, "num_statements": 87, "percent_covered": 98.85057471264368, "percent_covered_display": "99", "missing_lines": 1, "excluded_lines": 0}, "missing_lines": [240], "excluded_lines": []}, "aggregate_constant": {"executed_lines": [416, 417, 418, 420, 421, 422, 424, 425, 427, 429, 430, 432, 434, 435, 437, 438, 440, 441, 442, 443, 448, 449, 451, 452, 453, 454, 455, 456, 458, 459, 461, 462, 464], "summary": {"covered_lines": 33, "num_statements": 33, "percent_covered": 100.0, "percent_covered_display": "100", "missing_lines": 0, "excluded_lines": 0}, "missing_lines": [], "excluded_lines": []}, "__merge_index": {"executed_lines": [471, 472, 474, 475, 476, 478], "summary": {"covered_lines": 6, "num_statements": 6, "percent_covered": 100.0, "percent_covered_display": "100", "missing_lines": 0, "excluded_lines": 0}, "missing_lines": [], "excluded_lines": []}, "merge_event": {"executed_lines": [517, 518, 519, 521, 522, 524, 525, 527, 528, 529, 532, 533, 534, 535, 536, 537, 538, 540, 541, 542, 543, 546, 547, 548, 550, 554, 556, 557, 559, 561], "summary": {"covered_lines": 30, "num_statements": 30, "percent_covered": 100.0, "percent_covered_display": "100", "missing_lines": 0, "excluded_lines": 0}, "missing_lines": [], "excluded_lines": []}, "create_regular_segmentation": {"executed_lines": [604, 605, 607, 608, 609, 611, 612, 613, 614, 617, 619, 620, 621, 626, 627, 628, 629, 630, 632, 634, 639, 640], "summary": {"covered_lines": 22, "num_statements": 22, "percent_covered": 100.0, "percent_covered_display": "100", "missing_lines": 0, "excluded_lines": 0}, "missing_lines": [], "excluded_lines": []}, "__merge": {"executed_lines": [647, 649, 653, 656, 660, 661, 663, 664, 666, 667, 669, 671, 676, 681, 683, 686, 691, 696, 699, 700, 701, 703, 704, 705, 706, 709, 710, 712, 715, 717, 721, 723], "summary": {"covered_lines": 32, "num_statements": 32, "percent_covered": 100.0, "percent_covered_display": "100", "missing_lines": 0, "excluded_lines": 0}, "missing_lines": [], "excluded_lines": []}, "__fix_discrete_index": {"executed_lines": [731, 737, 738, 740, 741, 742, 743, 744], "summary": {"covered_lines": 8, "num_statements": 10, "percent_covered": 80.0, "percent_covered_display": "80", "missing_lines": 2, "excluded_lines": 0}, "missing_lines": [732, 735], "excluded_lines": []}, "suppress_duplicates": {"executed_lines": [748, 749, 750, 753, 754, 755, 756, 757, 758, 759, 760, 761, 762, 763, 764], "summary": {"covered_lines": 15, "num_statements": 15, "percent_covered": 100.0, "percent_covered_display": "100", "missing_lines": 0, "excluded_lines": 0}, "missing_lines": [], "excluded_lines": []}, "_increasing_continuous_index": {"executed_lines": [768, 769, 770, 771, 773, 774, 775], "summary": {"covered_lines": 7, "num_statements": 7, "percent_covered": 100.0, "percent_covered_display": "100", "missing_lines": 0, "excluded_lines": 0}, "missing_lines": [], "excluded_lines": []}, "__refactor_data": {"executed_lines": [780, 781, 782, 783, 784, 785, 786, 787, 788, 789, 790, 792, 793, 795, 796, 797], "summary": {"covered_lines": 16, "num_statements": 16, "percent_covered": 100.0, "percent_covered_display": "100", "missing_lines": 0, "excluded_lines": 0}, "missing_lines": [], "excluded_lines": []}, "__check_args_merge": {"executed_lines": [804, 805, 806, 807, 808, 809, 810], "summary": {"covered_lines": 7, "num_statements": 7, "percent_covered": 100.0, "percent_covered_display": "100", "missing_lines": 0, "excluded_lines": 0}, "missing_lines": [], "excluded_lines": []}, "__table_jumps": {"executed_lines": [814, 817, 820, 823, 825, 826, 827, 828, 829, 830], "summary": {"covered_lines": 10, "num_statements": 11, "percent_covered": 90.9090909090909, "percent_covered_display": "91", "missing_lines": 1, "excluded_lines": 0}, "missing_lines": [824], "excluded_lines": []}, "aggregate_duplicates": {"executed_lines": [867, 868, 871, 872, 873, 875, 878, 879, 880, 881, 882, 885, 886, 887, 889, 890, 891, 892, 895, 898, 899, 900, 902, 904, 905, 906, 907, 908, 909, 910, 911, 912, 914, 915, 916, 917, 918, 920, 923, 924, 925, 926, 927, 928, 930, 939, 940, 941, 942, 944, 945, 947, 948, 949, 951], "summary": {"covered_lines": 55, "num_statements": 57, "percent_covered": 96.49122807017544, "percent_covered_display": "96", "missing_lines": 2, "excluded_lines": 0}, "missing_lines": [874, 896], "excluded_lines": []}, "aggregate_continuous_data": {"executed_lines": [991, 994, 995, 997, 1003, 1010, 1012, 1013, 1015, 1016, 1017, 1019], "summary": {"covered_lines": 12, "num_statements": 13, "percent_covered": 92.3076923076923, "percent_covered_display": "92", "missing_lines": 1, "excluded_lines": 0}, "missing_lines": [992], "excluded_lines": []}, "split_segment": {"executed_lines": [1058, 1060, 1067, 1069, 1070, 1072, 1073, 1075, 1076, 1077, 1078, 1082, 1086, 1087, 1088, 1090, 1091, 1092, 1094, 1096, 1097, 1099, 1101], "summary": {"covered_lines": 23, "num_statements": 23, "percent_covered": 100.0, "percent_covered_display": "100", "missing_lines": 0, "excluded_lines": 0}, "missing_lines": [], "excluded_lines": []}, "homogenize_within": {"executed_lines": [1150, 1152, 1153, 1155, 1156, 1158, 1159, 1160, 1162, 1166, 1167, 1170, 1171, 1172, 1173, 1174, 1176, 1179, 1180, 1181, 1183, 1184, 1185, 1186, 1189, 1190, 1194, 1195, 1196, 1197, 1199, 1200, 1209, 1210, 1219], "summary": {"covered_lines": 35, "num_statements": 35, "percent_covered": 100.0, "percent_covered_display": "100", "missing_lines": 0, "excluded_lines": 0}, "missing_lines": [], "excluded_lines": []}, "homogenize_between": {"executed_lines": [1273, 1274, 1276, 1277, 1279, 1280, 1281, 1282, 1284, 1285, 1287, 1296, 1297, 1306], "summary": {"covered_lines": 14, "num_statements": 14, "percent_covered": 100.0, "percent_covered_display": "100", "missing_lines": 0, "excluded_lines": 0}, "missing_lines": [], "excluded_lines": []}, "aggregate": {"executed_lines": [1317, 1318, 1319, 1321, 1322, 1323, 1325, 1327, 1328, 1329, 1330, 1332, 1333, 1334, 1335, 1336, 1337, 1338], "summary": {"covered_lines": 18, "num_statements": 18, "percent_covered": 100.0, "percent_covered_display": "100", "missing_lines": 0, "excluded_lines": 0}, "missing_lines": [], "excluded_lines": []}, "segmentation_irregular": {"executed_lines": [], "summary": {"covered_lines": 0, "num_statements": 3, "percent_covered": 0.0, "percent_covered_display": "0", "missing_lines": 3, "excluded_lines": 0}, "missing_lines": [1370, 1378, 1389], "excluded_lines": []}, "segmentation_regular": {"executed_lines": [1399, 1404, 1406, 1407, 1408, 1409, 1410, 1411, 1412, 1415, 1418, 1420, 1421, 1422, 1427, 1428, 1429, 1430, 1432, 1433, 1435, 1437], "summary": {"covered_lines": 22, "num_statements": 22, "percent_covered": 100.0, "percent_covered_display": "100", "missing_lines": 0, "excluded_lines": 0}, "missing_lines": [], "excluded_lines": []}, "fill_segmentation": {"executed_lines": [1467, 1468, 1471, 1474, 1477, 1484, 1495, 1496, 1499, 1510, 1519, 1521, 1523], "summary": {"covered_lines": 13, "num_statements": 15, "percent_covered": 86.66666666666667, "percent_covered_display": "87", "missing_lines": 2, "excluded_lines": 0}, "missing_lines": [1469, 1478], "excluded_lines": []}, "": {"executed_lines": [6, 7, 9, 10, 12, 13, 16, 97, 192, 400, 467, 481, 564, 643, 726, 747, 767, 778, 800, 813, 833, 954, 1022, 1104, 1222, 1309, 1341, 1392, 1440], "summary": {"covered_lines": 29, "num_statements": 29, "percent_covered": 100.0, "percent_covered_display": "100", "missing_lines": 0, "excluded_lines": 0}, "missing_lines": [], "excluded_lines": []}}, "classes": {"": {"executed_lines": [6, 7, 9, 10, 12, 13, 16, 50, 53, 54, 55, 56, 58, 59, 60, 64, 65, 66, 69, 73, 78, 79, 80, 81, 82, 83, 85, 86, 87, 88, 90, 91, 92, 93, 94, 97, 127, 128, 129, 130, 132, 133, 136, 137, 138, 139, 140, 141, 143, 144, 145, 149, 150, 153, 154, 156, 160, 161, 162, 163, 166, 167, 180, 183, 184, 186, 187, 188, 189, 192, 223, 224, 226, 227, 229, 230, 237, 238, 239, 244, 245, 246, 247, 249, 250, 256, 257, 259, 260, 261, 262, 263, 264, 265, 266, 268, 269, 270, 272, 273, 274, 277, 284, 289, 294, 299, 305, 310, 312, 314, 318, 323, 324, 325, 326, 327, 328, 333, 334, 335, 336, 337, 338, 339, 340, 341, 342, 343, 348, 349, 350, 351, 352, 353, 354, 359, 360, 361, 362, 363, 364, 365, 366, 367, 372, 373, 374, 375, 376, 377, 380, 382, 392, 393, 395, 397, 400, 416, 417, 418, 420, 421, 422, 424, 425, 427, 429, 430, 432, 434, 435, 437, 438, 440, 441, 442, 443, 448, 449, 451, 452, 453, 454, 455, 456, 458, 459, 461, 462, 464, 467, 471, 472, 474, 475, 476, 478, 481, 517, 518, 519, 521, 522, 524, 525, 527, 528, 529, 532, 533, 534, 535, 536, 537, 538, 540, 541, 542, 543, 546, 547, 548, 550, 554, 556, 557, 559, 561, 564, 604, 605, 607, 608, 609, 611, 612, 613, 614, 617, 619, 620, 621, 626, 627, 628, 629, 630, 632, 634, 639, 640, 643, 647, 649, 653, 656, 660, 661, 663, 664, 666, 667, 669, 671, 676, 681, 683, 686, 691, 696, 699, 700, 701, 703, 704, 705, 706, 709, 710, 712, 715, 717, 721, 723, 726, 731, 737, 738, 740, 741, 742, 743, 744, 747, 748, 749, 750, 753, 754, 755, 756, 757, 758, 759, 760, 761, 762, 763, 764, 767, 768, 769, 770, 771, 773, 774, 775, 778, 780, 781, 782, 783, 784, 785, 786, 787, 788, 789, 790, 792, 793, 795, 796, 797, 800, 804, 805, 806, 807, 808, 809, 810, 813, 814, 817, 820, 823, 825, 826, 827, 828, 829, 830, 833, 867, 868, 871, 872, 873, 875, 878, 879, 880, 881, 882, 885, 886, 887, 889, 890, 891, 892, 895, 898, 899, 900, 902, 904, 905, 906, 907, 908, 909, 910, 911, 912, 914, 915, 916, 917, 918, 920, 923, 924, 925, 926, 927, 928, 930, 939, 940, 941, 942, 944, 945, 947, 948, 949, 951, 954, 991, 994, 995, 997, 1003, 1010, 1012, 1013, 1015, 1016, 1017, 1019, 1022, 1058, 1060, 1067, 1069, 1070, 1072, 1073, 1075, 1076, 1077, 1078, 1082, 1086, 1087, 1088, 1090, 1091, 1092, 1094, 1096, 1097, 1099, 1101, 1104, 1150, 1152, 1153, 1155, 1156, 1158, 1159, 1160, 1162, 1166, 1167, 1170, 1171, 1172, 1173, 1174, 1176, 1179, 1180, 1181, 1183, 1184, 1185, 1186, 1189, 1190, 1194, 1195, 1196, 1197, 1199, 1200, 1209, 1210, 1219, 1222, 1273, 1274, 1276, 1277, 1279, 1280, 1281, 1282, 1284, 1285, 1287, 1296, 1297, 1306, 1309, 1317, 1318, 1319, 1321, 1322, 1323, 1325, 1327, 1328, 1329, 1330, 1332, 1333, 1334, 1335, 1336, 1337, 1338, 1341, 1392, 1399, 1404, 1406, 1407, 1408, 1409, 1410, 1411, 1412, 1415, 1418, 1420, 1421, 1422, 1427, 1428, 1429, 1430, 1432, 1433, 1435, 1437, 1440, 1467, 1468, 1471, 1474, 1477, 1484, 1495, 1496, 1499, 1510, 1519, 1521, 1523], "summary": {"covered_lines": 554, "num_statements": 569, "percent_covered": 97.36379613356766, "percent_covered_display": "97", "missing_lines": 15, "excluded_lines": 0}, "missing_lines": [168, 172, 178, 240, 732, 735, 824, 874, 896, 992, 1370, 1378, 1389, 1469, 1478], "excluded_lines": []}}}, "crep/table.py": {"executed_lines": [1, 2, 5, 8, 10, 15, 16, 17, 18, 20, 21, 24, 25, 28, 29, 30, 32, 33, 34, 36, 37, 38], "summary": {"covered_lines": 22, "num_statements": 24, "percent_covered": 91.66666666666667, "percent_covered_display": "92", "missing_lines": 2, "excluded_lines": 0}, "missing_lines": [22, 26], "excluded_lines": [], "functions": {"DataFrameContinuous.__init__": {"executed_lines": [15, 16, 17, 18], "summary": {"covered_lines": 4, "num_statements": 4, "percent_covered": 100.0, "percent_covered_display": "100", "missing_lines": 0, "excluded_lines": 0}, "missing_lines": [], "excluded_lines": []}, "DataFrameContinuous.__checks": {"executed_lines": [21, 24, 25], "summary": {"covered_lines": 3, "num_statements": 5, "percent_covered": 60.0, "percent_covered_display": "60", "missing_lines": 2, "excluded_lines": 0}, "missing_lines": [22, 26], "excluded_lines": []}, "DataFrameContinuous.discrete_index": {"executed_lines": [30], "summary": {"covered_lines": 1, "num_statements": 1, "percent_covered": 100.0, "percent_covered_display": "100", "missing_lines": 0, "excluded_lines": 0}, "missing_lines": [], "excluded_lines": []}, "DataFrameContinuous.continuous_index": {"executed_lines": [34], "summary": {"covered_lines": 1, "num_statements": 1, "percent_covered": 100.0, "percent_covered_display": "100", "missing_lines": 0, "excluded_lines": 0}, "missing_lines": [], "excluded_lines": []}, "DataFrameContinuous.admissible": {"executed_lines": [38], "summary": {"covered_lines": 1, "num_statements": 1, "percent_covered": 100.0, "percent_covered_display": "100", "missing_lines": 0, "excluded_lines": 0}, "missing_lines": [], "excluded_lines": []}, "": {"executed_lines": [1, 2, 5, 8, 10, 20, 28, 29, 32, 33, 36, 37], "summary": {"covered_lines": 12, "num_statements": 12, "percent_covered": 100.0, "percent_covered_display": "100", "missing_lines": 0, "excluded_lines": 0}, "missing_lines": [], "excluded_lines": []}}, "classes": {"DataFrameContinuous": {"executed_lines": [15, 16, 17, 18, 21, 24, 25, 30, 34, 38], "summary": {"covered_lines": 10, "num_statements": 12, "percent_covered": 83.33333333333333, "percent_covered_display": "83", "missing_lines": 2, "excluded_lines": 0}, "missing_lines": [22, 26], "excluded_lines": []}, "": {"executed_lines": [1, 2, 5, 8, 10, 20, 28, 29, 32, 33, 36, 37], "summary": {"covered_lines": 12, "num_statements": 12, "percent_covered": 100.0, "percent_covered_display": "100", "missing_lines": 0, "excluded_lines": 0}, "missing_lines": [], "excluded_lines": []}}}, "crep/tools.py": {"executed_lines": [6, 7, 9, 10, 13, 18, 19, 20, 22, 23, 24, 25, 28, 29, 30, 31, 32, 33, 34, 35, 36, 37, 39, 41, 42, 43, 44, 46, 48, 50, 51, 52, 53, 54, 57, 106, 107, 108, 110, 111, 112, 113, 114, 116, 117, 118, 120, 121, 122, 124, 125, 127, 130, 134, 135, 136, 139, 143, 147, 151, 155, 165, 166, 167, 168, 170, 172, 173, 176, 177, 180, 187, 188, 189, 190, 191, 194, 195, 196, 197, 198, 199, 200, 201, 202, 203, 204, 205, 208, 215, 216, 217, 218, 219, 222, 223, 224, 225, 226, 227, 228, 229, 230, 231, 232, 233, 234, 237, 239, 240, 243, 244, 245, 248, 249, 250, 251, 252, 253, 254, 255, 257, 258, 259, 262, 280, 281, 282, 283, 286, 308, 311, 312, 313, 314, 315, 316, 318, 319, 322, 358, 362, 364, 365, 366, 368, 369, 370, 371, 374, 375, 376, 377, 380, 381, 383, 384, 385, 387, 389, 390, 393, 395, 396, 397, 398, 399, 401, 402, 403, 404, 406, 407, 408, 409, 410, 413, 414, 415, 416, 417, 420, 422, 423, 425, 426, 427, 429, 432, 474, 475, 476, 477, 480, 481, 482, 483, 484, 485, 486, 492, 493, 494, 495, 498, 529, 532, 533, 534, 537, 538, 539, 542, 549, 551, 553, 554, 555, 557, 558, 563, 564, 565, 566, 567, 572, 573, 576, 577, 578, 584, 585, 588, 591, 594, 595], "summary": {"covered_lines": 236, "num_statements": 244, "percent_covered": 96.72131147540983, "percent_covered_display": "97", "missing_lines": 8, "excluded_lines": 0}, "missing_lines": [192, 220, 309, 359, 372, 478, 530, 535], "excluded_lines": [], "functions": {"build_admissible_data": {"executed_lines": [18, 19, 20, 22, 23, 24, 25, 28, 29, 30, 31, 32, 33, 34, 35, 36, 37, 39, 41, 42, 43, 44, 46, 48, 50, 51, 52, 53, 54], "summary": {"covered_lines": 29, "num_statements": 29, "percent_covered": 100.0, "percent_covered_display": "100", "missing_lines": 0, "excluded_lines": 0}, "missing_lines": [], "excluded_lines": []}, "create_zones": {"executed_lines": [106, 107, 108, 110, 111, 112, 113, 114, 116, 117, 118, 120, 121, 122, 124, 125, 127], "summary": {"covered_lines": 17, "num_statements": 17, "percent_covered": 100.0, "percent_covered_display": "100", "missing_lines": 0, "excluded_lines": 0}, "missing_lines": [], "excluded_lines": []}, "get_overlapping": {"executed_lines": [134, 135, 136], "summary": {"covered_lines": 3, "num_statements": 3, "percent_covered": 100.0, "percent_covered_display": "100", "missing_lines": 0, "excluded_lines": 0}, "missing_lines": [], "excluded_lines": []}, "admissible_dataframe": {"executed_lines": [143], "summary": {"covered_lines": 1, "num_statements": 1, "percent_covered": 100.0, "percent_covered_display": "100", "missing_lines": 0, "excluded_lines": 0}, "missing_lines": [], "excluded_lines": []}, "sample_non_admissible_data": {"executed_lines": [151], "summary": {"covered_lines": 1, "num_statements": 1, "percent_covered": 100.0, "percent_covered_display": "100", "missing_lines": 0, "excluded_lines": 0}, "missing_lines": [], "excluded_lines": []}, "compute_discontinuity": {"executed_lines": [165, 166, 167, 168, 170, 172, 173, 176, 177], "summary": {"covered_lines": 9, "num_statements": 9, "percent_covered": 100.0, "percent_covered_display": "100", "missing_lines": 0, "excluded_lines": 0}, "missing_lines": [], "excluded_lines": []}, "create_continuity": {"executed_lines": [187, 188, 189, 190, 191, 194, 195, 196, 197, 198, 199, 200, 201, 202, 203, 204, 205], "summary": {"covered_lines": 17, "num_statements": 18, "percent_covered": 94.44444444444444, "percent_covered_display": "94", "missing_lines": 1, "excluded_lines": 0}, "missing_lines": [192], "excluded_lines": []}, "create_continuity_modified": {"executed_lines": [215, 216, 217, 218, 219, 222, 223, 224, 225, 226, 227, 228, 229, 230, 231, 232, 233, 234], "summary": {"covered_lines": 18, "num_statements": 19, "percent_covered": 94.73684210526316, "percent_covered_display": "95", "missing_lines": 1, "excluded_lines": 0}, "missing_lines": [220], "excluded_lines": []}, "cumul_length": {"executed_lines": [239, 240], "summary": {"covered_lines": 2, "num_statements": 2, "percent_covered": 100.0, "percent_covered_display": "100", "missing_lines": 0, "excluded_lines": 0}, "missing_lines": [], "excluded_lines": []}, "reorder_columns": {"executed_lines": [244, 245], "summary": {"covered_lines": 2, "num_statements": 2, "percent_covered": 100.0, "percent_covered_display": "100", "missing_lines": 0, "excluded_lines": 0}, "missing_lines": [], "excluded_lines": []}, "name_simplifier": {"executed_lines": [249, 250, 251, 252, 253, 254, 255, 257, 258, 259], "summary": {"covered_lines": 10, "num_statements": 10, "percent_covered": 100.0, "percent_covered_display": "100", "missing_lines": 0, "excluded_lines": 0}, "missing_lines": [], "excluded_lines": []}, "mark_new_segment": {"executed_lines": [280, 281, 282, 283], "summary": {"covered_lines": 4, "num_statements": 4, "percent_covered": 100.0, "percent_covered_display": "100", "missing_lines": 0, "excluded_lines": 0}, "missing_lines": [], "excluded_lines": []}, "compute_cumulated_length": {"executed_lines": [308, 311, 312, 313, 314, 315, 316, 318, 319], "summary": {"covered_lines": 9, "num_statements": 10, "percent_covered": 90.0, "percent_covered_display": "90", "missing_lines": 1, "excluded_lines": 0}, "missing_lines": [309], "excluded_lines": []}, "concretize_aggregation": {"executed_lines": [358, 362, 364, 365, 366, 368, 369, 370, 371, 374, 375, 376, 377, 380, 381, 383, 384, 385, 387, 389, 390, 393, 395, 396, 397, 398, 399, 401, 402, 403, 404, 406, 407, 408, 409, 410, 413, 414, 415, 416, 417, 420, 422, 423, 425, 426, 427, 429], "summary": {"covered_lines": 48, "num_statements": 50, "percent_covered": 96.0, "percent_covered_display": "96", "missing_lines": 2, "excluded_lines": 0}, "missing_lines": [359, 372], "excluded_lines": []}, "n_cut_finder": {"executed_lines": [474, 475, 476, 477, 480, 481, 482, 483, 484, 485, 486, 492, 493, 494, 495], "summary": {"covered_lines": 15, "num_statements": 16, "percent_covered": 93.75, "percent_covered_display": "94", "missing_lines": 1, "excluded_lines": 0}, "missing_lines": [478], "excluded_lines": []}, "clusterize": {"executed_lines": [529, 532, 533, 534, 537, 538, 539, 542, 549, 551, 553, 554, 555, 557, 558, 563, 564, 565, 566, 567, 572, 573, 576, 577, 578, 584, 585, 588, 591], "summary": {"covered_lines": 29, "num_statements": 31, "percent_covered": 93.54838709677419, "percent_covered_display": "94", "missing_lines": 2, "excluded_lines": 0}, "missing_lines": [530, 535], "excluded_lines": []}, "sort": {"executed_lines": [595], "summary": {"covered_lines": 1, "num_statements": 1, "percent_covered": 100.0, "percent_covered_display": "100", "missing_lines": 0, "excluded_lines": 0}, "missing_lines": [], "excluded_lines": []}, "": {"executed_lines": [6, 7, 9, 10, 13, 57, 130, 139, 147, 155, 180, 208, 237, 243, 248, 262, 286, 322, 432, 498, 594], "summary": {"covered_lines": 21, "num_statements": 21, "percent_covered": 100.0, "percent_covered_display": "100", "missing_lines": 0, "excluded_lines": 0}, "missing_lines": [], "excluded_lines": []}}, "classes": {"": {"executed_lines": [6, 7, 9, 10, 13, 18, 19, 20, 22, 23, 24, 25, 28, 29, 30, 31, 32, 33, 34, 35, 36, 37, 39, 41, 42, 43, 44, 46, 48, 50, 51, 52, 53, 54, 57, 106, 107, 108, 110, 111, 112, 113, 114, 116, 117, 118, 120, 121, 122, 124, 125, 127, 130, 134, 135, 136, 139, 143, 147, 151, 155, 165, 166, 167, 168, 170, 172, 173, 176, 177, 180, 187, 188, 189, 190, 191, 194, 195, 196, 197, 198, 199, 200, 201, 202, 203, 204, 205, 208, 215, 216, 217, 218, 219, 222, 223, 224, 225, 226, 227, 228, 229, 230, 231, 232, 233, 234, 237, 239, 240, 243, 244, 245, 248, 249, 250, 251, 252, 253, 254, 255, 257, 258, 259, 262, 280, 281, 282, 283, 286, 308, 311, 312, 313, 314, 315, 316, 318, 319, 322, 358, 362, 364, 365, 366, 368, 369, 370, 371, 374, 375, 376, 377, 380, 381, 383, 384, 385, 387, 389, 390, 393, 395, 396, 397, 398, 399, 401, 402, 403, 404, 406, 407, 408, 409, 410, 413, 414, 415, 416, 417, 420, 422, 423, 425, 426, 427, 429, 432, 474, 475, 476, 477, 480, 481, 482, 483, 484, 485, 486, 492, 493, 494, 495, 498, 529, 532, 533, 534, 537, 538, 539, 542, 549, 551, 553, 554, 555, 557, 558, 563, 564, 565, 566, 567, 572, 573, 576, 577, 578, 584, 585, 588, 591, 594, 595], "summary": {"covered_lines": 236, "num_statements": 244, "percent_covered": 96.72131147540983, "percent_covered_display": "97", "missing_lines": 8, "excluded_lines": 0}, "missing_lines": [192, 220, 309, 359, 372, 478, 530, 535], "excluded_lines": []}}}, "test/__init__.py": {"executed_lines": [1], "summary": {"covered_lines": 0, "num_statements": 0, "percent_covered": 100.0, "percent_covered_display": "100", "missing_lines": 0, "excluded_lines": 0}, "missing_lines": [], "excluded_lines": [], "functions": {"": {"executed_lines": [1], "summary": {"covered_lines": 0, "num_statements": 0, "percent_covered": 100.0, "percent_covered_display": "100", "missing_lines": 0, "excluded_lines": 0}, "missing_lines": [], "excluded_lines": []}}, "classes": {"": {"executed_lines": [1], "summary": {"covered_lines": 0, "num_statements": 0, "percent_covered": 100.0, "percent_covered_display": "100", "missing_lines": 0, "excluded_lines": 0}, "missing_lines": [], "excluded_lines": []}}}, "test/conftest.py": {"executed_lines": [6, 7, 10, 11, 12, 13, 14, 17, 18, 19, 20, 21], "summary": {"covered_lines": 12, "num_statements": 12, "percent_covered": 100.0, "percent_covered_display": "100", "missing_lines": 0, "excluded_lines": 0}, "missing_lines": [], "excluded_lines": [], "functions": {"get_examples": {"executed_lines": [12, 13, 14], "summary": {"covered_lines": 3, "num_statements": 3, "percent_covered": 100.0, "percent_covered_display": "100", "missing_lines": 0, "excluded_lines": 0}, "missing_lines": [], "excluded_lines": []}, "get_advanced_examples": {"executed_lines": [19, 20, 21], "summary": {"covered_lines": 3, "num_statements": 3, "percent_covered": 100.0, "percent_covered_display": "100", "missing_lines": 0, "excluded_lines": 0}, "missing_lines": [], "excluded_lines": []}, "": {"executed_lines": [6, 7, 10, 11, 17, 18], "summary": {"covered_lines": 6, "num_statements": 6, "percent_covered": 100.0, "percent_covered_display": "100", "missing_lines": 0, "excluded_lines": 0}, "missing_lines": [], "excluded_lines": []}}, "classes": {"": {"executed_lines": [6, 7, 10, 11, 12, 13, 14, 17, 18, 19, 20, 21], "summary": {"covered_lines": 12, "num_statements": 12, "percent_covered": 100.0, "percent_covered_display": "100", "missing_lines": 0, "excluded_lines": 0}, "missing_lines": [], "excluded_lines": []}}}, "test/test_base.py": {"executed_lines": [6, 7, 8, 10, 11, 13, 16, 17, 18, 22, 26, 30, 34, 41, 42, 43, 44, 46, 47, 48, 50, 51, 52, 53, 56, 57, 59, 64, 65, 68, 69, 72, 73, 74, 75, 76, 78, 82, 83, 84, 87, 88, 89, 93, 96, 97, 98, 101, 103, 106, 107, 108, 112, 117, 120, 121, 123, 127, 131, 134, 135, 137, 139, 140, 141, 144, 145, 147, 150, 152, 153, 158, 159, 160, 161, 165, 167, 168, 172, 174, 175, 179, 182, 183, 184, 190, 191, 192, 195, 196, 198, 201, 204, 205, 210, 216, 223, 236, 237, 242, 250, 256, 257, 262, 269, 275, 276, 280, 286, 292, 293, 294, 295, 296, 297, 298, 299, 306, 307, 308, 311, 312, 313, 314, 315, 316, 317, 318, 325, 330, 332, 337, 344, 349, 351, 356, 363, 364, 370, 372, 377, 383, 384, 390, 392, 397, 404, 405, 411, 413, 417, 424, 425, 426, 433, 435, 439, 447, 448, 454, 455, 459, 463, 469, 470, 471, 477, 478, 483, 488, 497, 498, 503, 508, 517, 518, 523, 524, 530, 545, 547, 550, 554, 560, 568, 570, 573, 577, 583, 591, 593, 596, 600, 606, 614, 616, 619, 623, 629, 637, 639, 642, 646, 652, 660, 662, 665, 669, 675, 683, 685, 688, 692, 698, 706, 708, 711, 715, 721, 736, 738, 741, 745, 751, 764, 765, 769, 774, 780, 791, 792, 796, 801, 807, 816, 817, 821, 826, 832, 841, 842, 845, 851, 858, 859], "summary": {"covered_lines": 245, "num_statements": 245, "percent_covered": 100.0, "percent_covered_display": "100", "missing_lines": 0, "excluded_lines": 0}, "missing_lines": [], "excluded_lines": [], "functions": {"test_merge_basic": {"executed_lines": [17, 18, 22, 26, 30, 34, 41, 42, 43, 44, 46, 47, 48, 50, 51, 52, 53], "summary": {"covered_lines": 17, "num_statements": 17, "percent_covered": 100.0, "percent_covered_display": "100", "missing_lines": 0, "excluded_lines": 0}, "missing_lines": [], "excluded_lines": []}, "test__merge": {"executed_lines": [57, 59], "summary": {"covered_lines": 2, "num_statements": 2, "percent_covered": 100.0, "percent_covered_display": "100", "missing_lines": 0, "excluded_lines": 0}, "missing_lines": [], "excluded_lines": []}, "test_admissible_data": {"executed_lines": [65], "summary": {"covered_lines": 1, "num_statements": 1, "percent_covered": 100.0, "percent_covered_display": "100", "missing_lines": 0, "excluded_lines": 0}, "missing_lines": [], "excluded_lines": []}, "test_check_args": {"executed_lines": [69], "summary": {"covered_lines": 1, "num_statements": 1, "percent_covered": 100.0, "percent_covered_display": "100", "missing_lines": 0, "excluded_lines": 0}, "missing_lines": [], "excluded_lines": []}, "test_aggregate_constant": {"executed_lines": [73, 74, 75, 76, 78, 82, 83, 84], "summary": {"covered_lines": 8, "num_statements": 8, "percent_covered": 100.0, "percent_covered_display": "100", "missing_lines": 0, "excluded_lines": 0}, "missing_lines": [], "excluded_lines": []}, "test_merge_duplicates": {"executed_lines": [88, 89, 93], "summary": {"covered_lines": 3, "num_statements": 3, "percent_covered": 100.0, "percent_covered_display": "100", "missing_lines": 0, "excluded_lines": 0}, "missing_lines": [], "excluded_lines": []}, "test_aggregate_constant_no_aggregation": {"executed_lines": [97, 98, 101, 103], "summary": {"covered_lines": 4, "num_statements": 4, "percent_covered": 100.0, "percent_covered_display": "100", "missing_lines": 0, "excluded_lines": 0}, "missing_lines": [], "excluded_lines": []}, "test_merge_symetry": {"executed_lines": [107, 108, 112, 117], "summary": {"covered_lines": 4, "num_statements": 4, "percent_covered": 100.0, "percent_covered_display": "100", "missing_lines": 0, "excluded_lines": 0}, "missing_lines": [], "excluded_lines": []}, "test_merge_discrete_id": {"executed_lines": [121, 123, 127, 131], "summary": {"covered_lines": 4, "num_statements": 4, "percent_covered": 100.0, "percent_covered_display": "100", "missing_lines": 0, "excluded_lines": 0}, "missing_lines": [], "excluded_lines": []}, "test_build_admissible_dataset": {"executed_lines": [135, 137, 139, 140, 141, 144, 145, 147], "summary": {"covered_lines": 8, "num_statements": 8, "percent_covered": 100.0, "percent_covered_display": "100", "missing_lines": 0, "excluded_lines": 0}, "missing_lines": [], "excluded_lines": []}, "test_unbalanced_merge": {"executed_lines": [152, 153], "summary": {"covered_lines": 2, "num_statements": 2, "percent_covered": 100.0, "percent_covered_display": "100", "missing_lines": 0, "excluded_lines": 0}, "missing_lines": [], "excluded_lines": []}, "test_merge_how": {"executed_lines": [159, 160, 161, 165, 167, 168, 172, 174, 175, 179], "summary": {"covered_lines": 10, "num_statements": 10, "percent_covered": 100.0, "percent_covered_display": "100", "missing_lines": 0, "excluded_lines": 0}, "missing_lines": [], "excluded_lines": []}, "test_merge_event": {"executed_lines": [183, 184], "summary": {"covered_lines": 2, "num_statements": 2, "percent_covered": 100.0, "percent_covered_display": "100", "missing_lines": 0, "excluded_lines": 0}, "missing_lines": [], "excluded_lines": []}, "test_regular_table": {"executed_lines": [191, 192, 195, 196, 198, 201], "summary": {"covered_lines": 6, "num_statements": 6, "percent_covered": 100.0, "percent_covered_display": "100", "missing_lines": 0, "excluded_lines": 0}, "missing_lines": [], "excluded_lines": []}, "test_merge_event_case2": {"executed_lines": [205, 210, 216, 223], "summary": {"covered_lines": 4, "num_statements": 4, "percent_covered": 100.0, "percent_covered_display": "100", "missing_lines": 0, "excluded_lines": 0}, "missing_lines": [], "excluded_lines": []}, "test_aggregate_continuous_data_case1": {"executed_lines": [237, 242, 250], "summary": {"covered_lines": 3, "num_statements": 3, "percent_covered": 100.0, "percent_covered_display": "100", "missing_lines": 0, "excluded_lines": 0}, "missing_lines": [], "excluded_lines": []}, "test_aggregate_continuous_data_case2": {"executed_lines": [257, 262, 269], "summary": {"covered_lines": 3, "num_statements": 3, "percent_covered": 100.0, "percent_covered_display": "100", "missing_lines": 0, "excluded_lines": 0}, "missing_lines": [], "excluded_lines": []}, "test_split_segment": {"executed_lines": [276, 280, 286], "summary": {"covered_lines": 3, "num_statements": 3, "percent_covered": 100.0, "percent_covered_display": "100", "missing_lines": 0, "excluded_lines": 0}, "missing_lines": [], "excluded_lines": []}, "test_segmentation_regular": {"executed_lines": [293, 294, 295, 296, 297, 298, 299, 306, 307, 308], "summary": {"covered_lines": 10, "num_statements": 10, "percent_covered": 100.0, "percent_covered_display": "100", "missing_lines": 0, "excluded_lines": 0}, "missing_lines": [], "excluded_lines": []}, "test_aggregate": {"executed_lines": [312, 313, 314, 315, 316, 317, 318, 325], "summary": {"covered_lines": 8, "num_statements": 8, "percent_covered": 100.0, "percent_covered_display": "100", "missing_lines": 0, "excluded_lines": 0}, "missing_lines": [], "excluded_lines": []}, "test_homogenize_within_case1": {"executed_lines": [332, 337, 344], "summary": {"covered_lines": 3, "num_statements": 3, "percent_covered": 100.0, "percent_covered_display": "100", "missing_lines": 0, "excluded_lines": 0}, "missing_lines": [], "excluded_lines": []}, "test_homogenize_within_case2": {"executed_lines": [351, 356, 363, 364], "summary": {"covered_lines": 4, "num_statements": 4, "percent_covered": 100.0, "percent_covered_display": "100", "missing_lines": 0, "excluded_lines": 0}, "missing_lines": [], "excluded_lines": []}, "test_homogenize_within_case3": {"executed_lines": [372, 377, 383, 384], "summary": {"covered_lines": 4, "num_statements": 4, "percent_covered": 100.0, "percent_covered_display": "100", "missing_lines": 0, "excluded_lines": 0}, "missing_lines": [], "excluded_lines": []}, "test_homogenize_within_case4": {"executed_lines": [392, 397, 404, 405], "summary": {"covered_lines": 4, "num_statements": 4, "percent_covered": 100.0, "percent_covered_display": "100", "missing_lines": 0, "excluded_lines": 0}, "missing_lines": [], "excluded_lines": []}, "test_homogenize_within_case5": {"executed_lines": [413, 417, 424, 425, 426], "summary": {"covered_lines": 5, "num_statements": 5, "percent_covered": 100.0, "percent_covered_display": "100", "missing_lines": 0, "excluded_lines": 0}, "missing_lines": [], "excluded_lines": []}, "test_homogenize_within_case6": {"executed_lines": [435, 439, 447, 448], "summary": {"covered_lines": 4, "num_statements": 4, "percent_covered": 100.0, "percent_covered_display": "100", "missing_lines": 0, "excluded_lines": 0}, "missing_lines": [], "excluded_lines": []}, "test_homogenize_between": {"executed_lines": [455, 459, 463, 469, 470, 471], "summary": {"covered_lines": 6, "num_statements": 6, "percent_covered": 100.0, "percent_covered_display": "100", "missing_lines": 0, "excluded_lines": 0}, "missing_lines": [], "excluded_lines": []}, "test_aggregate_duplicates_case1": {"executed_lines": [478, 483, 488], "summary": {"covered_lines": 3, "num_statements": 3, "percent_covered": 100.0, "percent_covered_display": "100", "missing_lines": 0, "excluded_lines": 0}, "missing_lines": [], "excluded_lines": []}, "test_aggregate_duplicates_case2": {"executed_lines": [498, 503, 508], "summary": {"covered_lines": 3, "num_statements": 3, "percent_covered": 100.0, "percent_covered_display": "100", "missing_lines": 0, "excluded_lines": 0}, "missing_lines": [], "excluded_lines": []}, "test_aggregate_duplicates_case3": {"executed_lines": [518, 523, 524, 530], "summary": {"covered_lines": 4, "num_statements": 4, "percent_covered": 100.0, "percent_covered_display": "100", "missing_lines": 0, "excluded_lines": 0}, "missing_lines": [], "excluded_lines": []}, "test_unbalanced_concat_case1": {"executed_lines": [547, 550, 554, 560], "summary": {"covered_lines": 4, "num_statements": 4, "percent_covered": 100.0, "percent_covered_display": "100", "missing_lines": 0, "excluded_lines": 0}, "missing_lines": [], "excluded_lines": []}, "test_unbalanced_concat_case2": {"executed_lines": [570, 573, 577, 583], "summary": {"covered_lines": 4, "num_statements": 4, "percent_covered": 100.0, "percent_covered_display": "100", "missing_lines": 0, "excluded_lines": 0}, "missing_lines": [], "excluded_lines": []}, "test_unbalanced_concat_case3": {"executed_lines": [593, 596, 600, 606], "summary": {"covered_lines": 4, "num_statements": 4, "percent_covered": 100.0, "percent_covered_display": "100", "missing_lines": 0, "excluded_lines": 0}, "missing_lines": [], "excluded_lines": []}, "test_unbalanced_concat_case4": {"executed_lines": [616, 619, 623, 629], "summary": {"covered_lines": 4, "num_statements": 4, "percent_covered": 100.0, "percent_covered_display": "100", "missing_lines": 0, "excluded_lines": 0}, "missing_lines": [], "excluded_lines": []}, "test_unbalanced_concat_case5": {"executed_lines": [639, 642, 646, 652], "summary": {"covered_lines": 4, "num_statements": 4, "percent_covered": 100.0, "percent_covered_display": "100", "missing_lines": 0, "excluded_lines": 0}, "missing_lines": [], "excluded_lines": []}, "test_unbalanced_concat_case6": {"executed_lines": [662, 665, 669, 675], "summary": {"covered_lines": 4, "num_statements": 4, "percent_covered": 100.0, "percent_covered_display": "100", "missing_lines": 0, "excluded_lines": 0}, "missing_lines": [], "excluded_lines": []}, "test_unbalanced_concat_case7": {"executed_lines": [685, 688, 692, 698], "summary": {"covered_lines": 4, "num_statements": 4, "percent_covered": 100.0, "percent_covered_display": "100", "missing_lines": 0, "excluded_lines": 0}, "missing_lines": [], "excluded_lines": []}, "test_unbalanced_concat_case8": {"executed_lines": [708, 711, 715, 721], "summary": {"covered_lines": 4, "num_statements": 4, "percent_covered": 100.0, "percent_covered_display": "100", "missing_lines": 0, "excluded_lines": 0}, "missing_lines": [], "excluded_lines": []}, "test_unbalanced_concat_case9": {"executed_lines": [738, 741, 745, 751], "summary": {"covered_lines": 4, "num_statements": 4, "percent_covered": 100.0, "percent_covered_display": "100", "missing_lines": 0, "excluded_lines": 0}, "missing_lines": [], "excluded_lines": []}, "test_unbalanced_concat_case10": {"executed_lines": [765, 769, 774, 780], "summary": {"covered_lines": 4, "num_statements": 4, "percent_covered": 100.0, "percent_covered_display": "100", "missing_lines": 0, "excluded_lines": 0}, "missing_lines": [], "excluded_lines": []}, "test_unbalanced_concat_case11": {"executed_lines": [792, 796, 801, 807], "summary": {"covered_lines": 4, "num_statements": 4, "percent_covered": 100.0, "percent_covered_display": "100", "missing_lines": 0, "excluded_lines": 0}, "missing_lines": [], "excluded_lines": []}, "test_unbalanced_concat_case12": {"executed_lines": [817, 821, 826, 832], "summary": {"covered_lines": 4, "num_statements": 4, "percent_covered": 100.0, "percent_covered_display": "100", "missing_lines": 0, "excluded_lines": 0}, "missing_lines": [], "excluded_lines": []}, "test_fill_segmentation": {"executed_lines": [842, 845, 851, 858, 859], "summary": {"covered_lines": 5, "num_statements": 5, "percent_covered": 100.0, "percent_covered_display": "100", "missing_lines": 0, "excluded_lines": 0}, "missing_lines": [], "excluded_lines": []}, "": {"executed_lines": [6, 7, 8, 10, 11, 13, 16, 56, 64, 68, 72, 87, 96, 106, 120, 134, 150, 158, 182, 190, 204, 236, 256, 275, 292, 311, 330, 349, 370, 390, 411, 433, 454, 477, 497, 517, 545, 568, 591, 614, 637, 660, 683, 706, 736, 764, 791, 816, 841], "summary": {"covered_lines": 49, "num_statements": 49, "percent_covered": 100.0, "percent_covered_display": "100", "missing_lines": 0, "excluded_lines": 0}, "missing_lines": [], "excluded_lines": []}}, "classes": {"": {"executed_lines": [6, 7, 8, 10, 11, 13, 16, 17, 18, 22, 26, 30, 34, 41, 42, 43, 44, 46, 47, 48, 50, 51, 52, 53, 56, 57, 59, 64, 65, 68, 69, 72, 73, 74, 75, 76, 78, 82, 83, 84, 87, 88, 89, 93, 96, 97, 98, 101, 103, 106, 107, 108, 112, 117, 120, 121, 123, 127, 131, 134, 135, 137, 139, 140, 141, 144, 145, 147, 150, 152, 153, 158, 159, 160, 161, 165, 167, 168, 172, 174, 175, 179, 182, 183, 184, 190, 191, 192, 195, 196, 198, 201, 204, 205, 210, 216, 223, 236, 237, 242, 250, 256, 257, 262, 269, 275, 276, 280, 286, 292, 293, 294, 295, 296, 297, 298, 299, 306, 307, 308, 311, 312, 313, 314, 315, 316, 317, 318, 325, 330, 332, 337, 344, 349, 351, 356, 363, 364, 370, 372, 377, 383, 384, 390, 392, 397, 404, 405, 411, 413, 417, 424, 425, 426, 433, 435, 439, 447, 448, 454, 455, 459, 463, 469, 470, 471, 477, 478, 483, 488, 497, 498, 503, 508, 517, 518, 523, 524, 530, 545, 547, 550, 554, 560, 568, 570, 573, 577, 583, 591, 593, 596, 600, 606, 614, 616, 619, 623, 629, 637, 639, 642, 646, 652, 660, 662, 665, 669, 675, 683, 685, 688, 692, 698, 706, 708, 711, 715, 721, 736, 738, 741, 745, 751, 764, 765, 769, 774, 780, 791, 792, 796, 801, 807, 816, 817, 821, 826, 832, 841, 842, 845, 851, 858, 859], "summary": {"covered_lines": 245, "num_statements": 245, "percent_covered": 100.0, "percent_covered_display": "100", "missing_lines": 0, "excluded_lines": 0}, "missing_lines": [], "excluded_lines": []}}}, "test/test_table.py": {"executed_lines": [2, 5, 6, 7, 11, 12, 13], "summary": {"covered_lines": 7, "num_statements": 7, "percent_covered": 100.0, "percent_covered_display": "100", "missing_lines": 0, "excluded_lines": 0}, "missing_lines": [], "excluded_lines": [], "functions": {"test_constructor": {"executed_lines": [6, 7, 11, 12, 13], "summary": {"covered_lines": 5, "num_statements": 5, "percent_covered": 100.0, "percent_covered_display": "100", "missing_lines": 0, "excluded_lines": 0}, "missing_lines": [], "excluded_lines": []}, "": {"executed_lines": [2, 5], "summary": {"covered_lines": 2, "num_statements": 2, "percent_covered": 100.0, "percent_covered_display": "100", "missing_lines": 0, "excluded_lines": 0}, "missing_lines": [], "excluded_lines": []}}, "classes": {"": {"executed_lines": [2, 5, 6, 7, 11, 12, 13], "summary": {"covered_lines": 7, "num_statements": 7, "percent_covered": 100.0, "percent_covered_display": "100", "missing_lines": 0, "excluded_lines": 0}, "missing_lines": [], "excluded_lines": []}}}, "test/test_tools.py": {"executed_lines": [7, 8, 10, 12, 14, 17, 18, 21, 24, 25, 26, 27, 28, 31, 32, 33, 34, 35, 38, 39, 40, 41, 42, 45, 46, 48, 50, 53, 54, 55, 57, 59, 60, 62, 64, 65, 67, 70, 71, 72, 73, 74, 75, 76, 77, 78, 81, 82, 86, 87, 90, 91, 96, 97, 100, 101, 106, 112, 120, 121, 126, 133, 134, 137, 138, 142, 149, 152, 153, 158, 164, 167, 168, 173, 179, 182, 183, 188, 195, 201, 202, 205, 206, 209, 210, 215, 216, 217], "summary": {"covered_lines": 88, "num_statements": 88, "percent_covered": 100.0, "percent_covered_display": "100", "missing_lines": 0, "excluded_lines": 0}, "missing_lines": [], "excluded_lines": [], "functions": {"test_no_overlapping": {"executed_lines": [18, 21], "summary": {"covered_lines": 2, "num_statements": 2, "percent_covered": 100.0, "percent_covered_display": "100", "missing_lines": 0, "excluded_lines": 0}, "missing_lines": [], "excluded_lines": []}, "test_overlapping": {"executed_lines": [25, 26, 27, 28], "summary": {"covered_lines": 4, "num_statements": 4, "percent_covered": 100.0, "percent_covered_display": "100", "missing_lines": 0, "excluded_lines": 0}, "missing_lines": [], "excluded_lines": []}, "test_sample_overlapping": {"executed_lines": [32, 33, 34, 35], "summary": {"covered_lines": 4, "num_statements": 4, "percent_covered": 100.0, "percent_covered_display": "100", "missing_lines": 0, "excluded_lines": 0}, "missing_lines": [], "excluded_lines": []}, "test_create_zones": {"executed_lines": [39, 40, 41, 42], "summary": {"covered_lines": 4, "num_statements": 4, "percent_covered": 100.0, "percent_covered_display": "100", "missing_lines": 0, "excluded_lines": 0}, "missing_lines": [], "excluded_lines": []}, "test_build_admissible_data_frame": {"executed_lines": [46, 48, 50], "summary": {"covered_lines": 3, "num_statements": 3, "percent_covered": 100.0, "percent_covered_display": "100", "missing_lines": 0, "excluded_lines": 0}, "missing_lines": [], "excluded_lines": []}, "test_fix_point_non_admissible": {"executed_lines": [54, 55, 57, 59, 60, 62, 64, 65, 67], "summary": {"covered_lines": 9, "num_statements": 9, "percent_covered": 100.0, "percent_covered_display": "100", "missing_lines": 0, "excluded_lines": 0}, "missing_lines": [], "excluded_lines": []}, "test_create_continuity": {"executed_lines": [71, 72, 73, 74, 75, 76, 77, 78], "summary": {"covered_lines": 8, "num_statements": 8, "percent_covered": 100.0, "percent_covered_display": "100", "missing_lines": 0, "excluded_lines": 0}, "missing_lines": [], "excluded_lines": []}, "test_mark_new_segment": {"executed_lines": [82, 86, 87], "summary": {"covered_lines": 3, "num_statements": 3, "percent_covered": 100.0, "percent_covered_display": "100", "missing_lines": 0, "excluded_lines": 0}, "missing_lines": [], "excluded_lines": []}, "test_cumul_segment_length": {"executed_lines": [91, 96, 97], "summary": {"covered_lines": 3, "num_statements": 3, "percent_covered": 100.0, "percent_covered_display": "100", "missing_lines": 0, "excluded_lines": 0}, "missing_lines": [], "excluded_lines": []}, "test_concretize_aggregation": {"executed_lines": [101, 106, 112], "summary": {"covered_lines": 3, "num_statements": 3, "percent_covered": 100.0, "percent_covered_display": "100", "missing_lines": 0, "excluded_lines": 0}, "missing_lines": [], "excluded_lines": []}, "test_n_cut_finder_case1": {"executed_lines": [121, 126, 133, 134], "summary": {"covered_lines": 4, "num_statements": 4, "percent_covered": 100.0, "percent_covered_display": "100", "missing_lines": 0, "excluded_lines": 0}, "missing_lines": [], "excluded_lines": []}, "test_n_cut_finder_case2": {"executed_lines": [138, 142, 149], "summary": {"covered_lines": 3, "num_statements": 3, "percent_covered": 100.0, "percent_covered_display": "100", "missing_lines": 0, "excluded_lines": 0}, "missing_lines": [], "excluded_lines": []}, "test_clusterize_case1": {"executed_lines": [153, 158, 164], "summary": {"covered_lines": 3, "num_statements": 3, "percent_covered": 100.0, "percent_covered_display": "100", "missing_lines": 0, "excluded_lines": 0}, "missing_lines": [], "excluded_lines": []}, "test_clusterize_case2": {"executed_lines": [168, 173, 179], "summary": {"covered_lines": 3, "num_statements": 3, "percent_covered": 100.0, "percent_covered_display": "100", "missing_lines": 0, "excluded_lines": 0}, "missing_lines": [], "excluded_lines": []}, "test_create_continuity_limit": {"executed_lines": [183, 188, 195, 201, 202], "summary": {"covered_lines": 5, "num_statements": 5, "percent_covered": 100.0, "percent_covered_display": "100", "missing_lines": 0, "excluded_lines": 0}, "missing_lines": [], "excluded_lines": []}, "test_name_simplifier": {"executed_lines": [206, 209, 210], "summary": {"covered_lines": 3, "num_statements": 3, "percent_covered": 100.0, "percent_covered_display": "100", "missing_lines": 0, "excluded_lines": 0}, "missing_lines": [], "excluded_lines": []}, "test_sort": {"executed_lines": [216, 217], "summary": {"covered_lines": 2, "num_statements": 2, "percent_covered": 100.0, "percent_covered_display": "100", "missing_lines": 0, "excluded_lines": 0}, "missing_lines": [], "excluded_lines": []}, "": {"executed_lines": [7, 8, 10, 12, 14, 17, 24, 31, 38, 45, 53, 70, 81, 90, 100, 120, 137, 152, 167, 182, 205, 215], "summary": {"covered_lines": 22, "num_statements": 22, "percent_covered": 100.0, "percent_covered_display": "100", "missing_lines": 0, "excluded_lines": 0}, "missing_lines": [], "excluded_lines": []}}, "classes": {"": {"executed_lines": [7, 8, 10, 12, 14, 17, 18, 21, 24, 25, 26, 27, 28, 31, 32, 33, 34, 35, 38, 39, 40, 41, 42, 45, 46, 48, 50, 53, 54, 55, 57, 59, 60, 62, 64, 65, 67, 70, 71, 72, 73, 74, 75, 76, 77, 78, 81, 82, 86, 87, 90, 91, 96, 97, 100, 101, 106, 112, 120, 121, 126, 133, 134, 137, 138, 142, 149, 152, 153, 158, 164, 167, 168, 173, 179, 182, 183, 188, 195, 201, 202, 205, 206, 209, 210, 215, 216, 217], "summary": {"covered_lines": 88, "num_statements": 88, "percent_covered": 100.0, "percent_covered_display": "100", "missing_lines": 0, "excluded_lines": 0}, "missing_lines": [], "excluded_lines": []}}}}, "totals": {"covered_lines": 1166, "num_statements": 1191, "percent_covered": 97.90092359361881, "percent_covered_display": "98", "missing_lines": 25, "excluded_lines": 0}}